<?xml version="1.0" encoding="UTF-8"?>
<testsuite name="FirstPartTasksTest" tests="12" skipped="0" failures="0" errors="0" timestamp="2016-05-23T07:24:27"
           hostname="dell" time="0.055">
    <properties/>
    <testcase name="testAllNamesSorted" classname="FirstPartTasksTest" time="0.009"/>
    <testcase name="testCountAlbumDuplicates" classname="FirstPartTasksTest" time="0.006"/>
    <testcase name="testAllNames" classname="FirstPartTasksTest" time="0.0"/>
    <testcase name="testFilterIsInstance" classname="FirstPartTasksTest" time="0.001"/>
    <testcase name="testModuloProduction" classname="FirstPartTasksTest" time="0.002"/>
    <testcase name="testMinMaxRating" classname="FirstPartTasksTest" time="0.006"/>
    <testcase name="testGroupByArtistMapName" classname="FirstPartTasksTest" time="0.02"/>
    <testcase name="testGroupByArtist" classname="FirstPartTasksTest" time="0.001"/>
    <testcase name="testSortedFavorites" classname="FirstPartTasksTest" time="0.003"/>
    <testcase name="testSortByAverageRating" classname="FirstPartTasksTest" time="0.002"/>
    <testcase name="testJoinTo" classname="FirstPartTasksTest" time="0.002"/>
    <testcase name="testAllTracksSorted" classname="FirstPartTasksTest" time="0.001"/>
    <system-out><![CDATA[]]></system-out>
    <system-err><![CDATA[]]></system-err>
</testsuite>
